Wrote mask.pfb
Wrote solidfile and mask_vtk with total z of 2000 meters
Wrote slope_x.pfb in specified directory.
Wrote slope_y.pfb in specified directory.
Wrote pf_indicator.pfb in specified directory.
Wrote mannings.pfb in specified directory.
Wrote pf_flowbarrier.pfb in specified directory.
Wrote pme.pfb in specified directory.
Wrote ss_pressure_head.pfb in specified directory.
copied vegp
subset vegm
copied drv_clmin
edited drv_clmin
Reading downward_longwave pfb sequence
Reading atmospheric_pressure pfb sequence
Reading specific_humidity pfb sequence
Reading east_windspeed pfb sequence
Reading north_windspeed pfb sequence
Reading downward_shortwave pfb sequence
Reading precipitation pfb sequence
Reading air_temp pfb sequence
Finished writing downward_shortwave to folder
Finished writing downward_longwave to folder
Finished writing specific_humidity to folder
Finished writing east_windspeed to folder
Finished writing air_temp to folder
Finished writing atmospheric_pressure to folder
Finished writing precipitation to folder
Finished writing north_windspeed to folder
Solver: Field BinaryOutDir is not part of the expected schema <class 'parflow.tools.database.generated.Solver'>
New runname: sinnemahoning provided, a new yaml file will be created
Climate forcing directory has been changed to /home/at8471/c2_sbi_experiments/sbi_framework/inputs/sinnemahoning/forcing  in runscript.
ComputationalGrid.NY set to 78 and NX to 68
GeomInput.domaininput.InputType detected as SolidFile, no additional keys to change for subset
Updated runscript written to /home/at8471/c2_sbi_experiments/sbi_framework/outputs/sinnemahoning
Solver: Field BinaryOutDir is not part of the expected schema <class 'parflow.tools.database.generated.Solver'>
Initial pressure filename changed to ss_pressure_head.pfb
Depth to bedrock filename changed to pf_flowbarrier.pfb
Updated runscript written to /home/at8471/c2_sbi_experiments/sbi_framework/outputs/sinnemahoning
Solver: Field BinaryOutDir is not part of the expected schema <class 'parflow.tools.database.generated.Solver'>
Distributing your climate forcing
Distributed mask.pfb with NZ 1
Distributed slope_x.pfb with NZ 1
Distributed slope_y.pfb with NZ 1
Distributed pf_indicator.pfb with NZ 10
Distributed mannings.pfb with NZ 1
Distributed pf_flowbarrier.pfb with NZ 1
Distributed pme.pfb with NZ 10
Distributed ss_pressure_head.pfb with NZ 10
Solver: Field BinaryOutDir is not part of the expected schema <class 'parflow.tools.database.generated.Solver'>
Solver: Field BinaryOutDir is not part of the expected schema <class 'parflow.tools.database.generated.Solver'>

# ==============================================================================
# ParFlow directory
#  - /home/SHARED/software/parflow/3.10.0
# ParFlow version
#  - 3.10.0
# Working directory
#  - /home/at8471/c2_sbi_experiments/sbi_framework/outputs/sinnemahoning
# ParFlow database
#  - sinnemahoning.pfidb
# ==============================================================================


# ==============================================================================
# ParFlow ran successfully
# ==============================================================================

NameError: name 'subsettools' is not defined
