Aborting in file </home/cc1855/parflow-3.10.0/pfsimulator/amps/common/amps_ffopen.c> line : 205
AMPS Error
[verde-m18n1:767422] *** Process received signal ***
[verde-m18n1:767422] Signal: Aborted (6)
[verde-m18n1:767422] Signal code:  (-6)
[verde-m18n1:767422] [ 0] /usr/lib64/libpthread.so.0(+0x12d20)[0x1474d562fd20]
[verde-m18n1:767422] [ 1] /usr/lib64/libc.so.6(gsignal+0x10f)[0x1474d529552f]
[verde-m18n1:767422] [ 2] /usr/lib64/libc.so.6(abort+0x127)[0x1474d5268e65]
[verde-m18n1:767422] [ 3] /home/SHARED/software/parflow/3.10.0/bin/parflow[0x6c4dd9]
[verde-m18n1:767422] [ 4] /home/SHARED/software/parflow/3.10.0/bin/parflow[0x6c5281]
[verde-m18n1:767422] [ 5] /home/SHARED/software/parflow/3.10.0/bin/parflow[0x4ac890]
[verde-m18n1:767422] [ 6] /home/SHARED/software/parflow/3.10.0/bin/parflow[0x4160d4]
[verde-m18n1:767422] [ 7] /home/SHARED/software/parflow/3.10.0/bin/parflow[0x422b85]
[verde-m18n1:767422] [ 8] /home/SHARED/software/parflow/3.10.0/bin/parflow[0x405a37]
[verde-m18n1:767422] [ 9] /home/SHARED/software/parflow/3.10.0/bin/parflow[0x403eb5]
[verde-m18n1:767422] [10] /usr/lib64/libc.so.6(__libc_start_main+0xe5)[0x1474d52817e5]
[verde-m18n1:767422] [11] /home/SHARED/software/parflow/3.10.0/bin/parflow[0x403b1e]
[verde-m18n1:767422] *** End of error message ***
--------------------------------------------------------------------------
Primary job  terminated normally, but 1 process returned
a non-zero exit code. Per user-direction, the job has been aborted.
--------------------------------------------------------------------------
--------------------------------------------------------------------------
mpiexec noticed that process rank 0 with PID 767422 on node verde-m18n1 exited on signal 6 (Aborted).
--------------------------------------------------------------------------
Wrote mask.pfb
Wrote solidfile and mask_vtk with total z of 2000 meters
Wrote slope_x.pfb in specified directory.
Wrote slope_y.pfb in specified directory.
Wrote pf_indicator.pfb in specified directory.
Wrote mannings.pfb in specified directory.
Wrote pf_flowbarrier.pfb in specified directory.
Wrote pme.pfb in specified directory.
Wrote ss_pressure_head.pfb in specified directory.
copied vegp
subset vegm
copied drv_clmin
edited drv_clmin
Reading downward_longwave pfb sequence
Reading air_temp pfb sequence
Reading east_windspeed pfb sequence
Reading downward_shortwave pfb sequence
Reading north_windspeed pfb sequence
Reading atmospheric_pressure pfb sequence
Reading precipitation pfb sequence
Reading specific_humidity pfb sequence
Finished writing east_windspeed to folder
Finished writing precipitation to folder
Finished writing atmospheric_pressure to folder
Finished writing downward_shortwave to folder
Finished writing air_temp to folder
Finished writing specific_humidity to folder
Finished writing downward_longwave to folder
Finished writing north_windspeed to folder
Solver: Field BinaryOutDir is not part of the expected schema <class 'parflow.tools.database.generated.Solver'>
New runname: sinnemahoning provided, a new yaml file will be created
Climate forcing directory has been changed to /home/at8471/c2_sbi_experiments/sbi_framework/inputs/sinnemahoning/forcing  in runscript.
ComputationalGrid.NY set to 78 and NX to 68
GeomInput.domaininput.InputType detected as SolidFile, no additional keys to change for subset
Updated runscript written to /home/at8471/c2_sbi_experiments/sbi_framework/outputs/sinnemahoning
Solver: Field BinaryOutDir is not part of the expected schema <class 'parflow.tools.database.generated.Solver'>
Initial pressure filename changed to ss_pressure_head.pfb
Depth to bedrock filename changed to pf_flowbarrier.pfb
Updated runscript written to /home/at8471/c2_sbi_experiments/sbi_framework/outputs/sinnemahoning
Solver: Field BinaryOutDir is not part of the expected schema <class 'parflow.tools.database.generated.Solver'>
Distributing your climate forcing
Distributed mask.pfb with NZ 1
Distributed slope_x.pfb with NZ 1
Distributed slope_y.pfb with NZ 1
Distributed pf_indicator.pfb with NZ 10
Distributed mannings.pfb with NZ 1
Distributed pf_flowbarrier.pfb with NZ 1
Distributed pme.pfb with NZ 10
Distributed ss_pressure_head.pfb with NZ 10
Solver: Field BinaryOutDir is not part of the expected schema <class 'parflow.tools.database.generated.Solver'>
Solver: Field BinaryOutDir is not part of the expected schema <class 'parflow.tools.database.generated.Solver'>

# ==============================================================================
# ParFlow directory
#  - /home/SHARED/software/parflow/3.10.0
# ParFlow version
#  - 3.10.0
# Working directory
#  - /home/at8471/c2_sbi_experiments/sbi_framework/outputs/sinnemahoning
# ParFlow database
#  - sinnemahoning.pfidb
# ==============================================================================


# ==============================================================================
# ParFlow run failed. Contents of error output file:
--------------------------------------------------------------------------------
Node 11: Warning: Input variable <Solver.MaxConvergenceFailures> 
Node 11:          is set to a large value that may cause problems
Node 11:          with how time cycles calculations are evaluated.  Values
Node 11:          specified via a time cycle may be on/off at the slightly
Node 11:          wrong times times due to how Parflow discretizes time.
Node 12: Warning: Input variable <Solver.MaxConvergenceFailures> 
Node 12:          is set to a large value that may cause problems
Node 12:          with how time cycles calculations are evaluated.  Values
Node 12:          specified via a time cycle may be on/off at the slightly
Node 12:          wrong times times due to how Parflow discretizes time.
Node 13: Warning: Input variable <Solver.MaxConvergenceFailures> 
Node 13:          is set to a large value that may cause problems
Node 13:          with how time cycles calculations are evaluated.  Values
Node 13:          specified via a time cycle may be on/off at the slightly
Node 13:          wrong times times due to how Parflow discretizes time.
Node 14: Warning: Input variable <Solver.MaxConvergenceFailures> 
Node 14:          is set to a large value that may cause problems
Node 14:          with how time cycles calculations are evaluated.  Values
Node 14:          specified via a time cycle may be on/off at the slightly
Node 14:          wrong times times due to how Parflow discretizes time.
Node 15: Warning: Input variable <Solver.MaxConvergenceFailures> 
Node 15:          is set to a large value that may cause problems
Node 15:          with how time cycles calculations are evaluated.  Values
Node 15:          specified via a time cycle may be on/off at the slightly
Node 15:          wrong times times due to how Parflow discretizes time.
Node 0: Warning: Input variable <Solver.MaxConvergenceFailures> 
Node 0:          is set to a large value that may cause problems
Node 0:          with how time cycles calculations are evaluated.  Values
Node 0:          specified via a time cycle may be on/off at the slightly
Node 0:          wrong times times due to how Parflow discretizes time.
Node 0: Using process grid (4,4,1)
Node 1: Warning: Input variable <Solver.MaxConvergenceFailures> 
Node 1:          is set to a large value that may cause problems
Node 1:          with how time cycles calculations are evaluated.  Values
Node 1:          specified via a time cycle may be on/off at the slightly
Node 1:          wrong times times due to how Parflow discretizes time.
Node 2: Warning: Input variable <Solver.MaxConvergenceFailures> 
Node 2:          is set to a large value that may cause problems
Node 2:          with how time cycles calculations are evaluated.  Values
Node 2:          specified via a time cycle may be on/off at the slightly
Node 2:          wrong times times due to how Parflow discretizes time.
Node 3: Warning: Input variable <Solver.MaxConvergenceFailures> 
Node 3:          is set to a large value that may cause problems
Node 3:          with how time cycles calculations are evaluated.  Values
Node 3:          specified via a time cycle may be on/off at the slightly
Node 3:          wrong times times due to how Parflow discretizes time.
Node 4: Warning: Input variable <Solver.MaxConvergenceFailures> 
Node 4:          is set to a large value that may cause problems
Node 4:          with how time cycles calculations are evaluated.  Values
Node 4:          specified via a time cycle may be on/off at the slightly
Node 4:          wrong times times due to how Parflow discretizes time.
Node 5: Warning: Input variable <Solver.MaxConvergenceFailures> 
Node 5:          is set to a large value that may cause problems
Node 5:          with how time cycles calculations are evaluated.  Values
Node 5:          specified via a time cycle may be on/off at the slightly
Node 5:          wrong times times due to how Parflow discretizes time.
Node 6: Warning: Input variable <Solver.MaxConvergenceFailures> 
Node 6:          is set to a large value that may cause problems
Node 6:          with how time cycles calculations are evaluated.  Values
Node 6:          specified via a time cycle may be on/off at the slightly
Node 6:          wrong times times due to how Parflow discretizes time.
Node 7: Warning: Input variable <Solver.MaxConvergenceFailures> 
Node 7:          is set to a large value that may cause problems
Node 7:          with how time cycles calculations are evaluated.  Values
Node 7:          specified via a time cycle may be on/off at the slightly
Node 7:          wrong times times due to how Parflow discretizes time.
Node 8: Warning: Input variable <Solver.MaxConvergenceFailures> 
Node 8:          is set to a large value that may cause problems
Node 8:          with how time cycles calculations are evaluated.  Values
Node 8:          specified via a time cycle may be on/off at the slightly
Node 8:          wrong times times due to how Parflow discretizes time.
Node 9: Warning: Input variable <Solver.MaxConvergenceFailures> 
Node 9:          is set to a large value that may cause problems
Node 9:          with how time cycles calculations are evaluated.  Values
Node 9:          specified via a time cycle may be on/off at the slightly
Node 9:          wrong times times due to how Parflow discretizes time.
Node 10: Warning: Input variable <Solver.MaxConvergenceFailures> 
Node 10:          is set to a large value that may cause problems
Node 10:          with how time cycles calculations are evaluated.  Values
Node 10:          specified via a time cycle may be on/off at the slightly
Node 10:          wrong times times due to how Parflow discretizes time.
Node 0: Well Information
Node 0: No Wells.
 Using drv_clmin.dat start time    2002.8191780821917     
 CLM Start Time:         2002          10          27           0           0           0

 energy balance in canopy X  0.24352165644696938     
 energy balance in canopy X  0.25348228011329138     
 energy balance in canopy X  0.22556441448526865     
 energy balance in canopy X  0.24167380467667054     
 energy balance in canopy X  0.12760979617176221     
 energy balance in canopy X  0.18804251175845579     
 Write CLM Active Restart: istep_pf =            0
 CLM Active Restart Written: clm.rst.                                
 Write CLM Active Restart: istep_pf =            0
 CLM Active Restart Written: clm.rst.                                
 Write CLM Active Restart: istep_pf =            0
 CLM Active Restart Written: clm.rst.                                
 Write CLM Active Restart: istep_pf =            0
 CLM Active Restart Written: clm.rst.                                
 energy balance in canopy X  0.23060666120767270     
 energy balance in canopy X  0.21624762769429140     
 energy balance in canopy X  0.31564857679454666     
 energy balance in canopy X  0.38894846820462747     
 energy balance in canopy X  0.28397002633819357     
 energy balance in canopy X  0.16234708024731917     
 energy balance in canopy X  0.21693937193109791     
 energy balance in canopy X  0.14611874493780583     
 energy balance in canopy X  0.17457518370896796     
 energy balance in canopy X  0.23851346917126048     
 energy balance in canopy X  0.18823842170806143     
 energy balance in canopy X  0.26230626162556153     
 energy balance in canopy X  0.24072962458620656     
 energy balance in canopy X  0.33732047590028291     
 energy balance in canopy X  0.22864710491698487     
 energy balance in canopy X  0.31099641683416035     
 energy balance in canopy X  0.34675126202190376     
 energy balance in canopy X  0.17284436732535344     
 energy balance in canopy X  0.11252076961341401     
 energy balance in canopy X  0.23658966191250125     
 energy balance in canopy X  0.12438056846905809     
 energy balance in canopy X  0.16728084084585909     
 energy balance in canopy X  0.15325564927705729     
 energy balance in canopy X  0.12003012743305749     
 energy balance in canopy X  0.13069910735407941     
 energy balance in canopy X  0.18170490108830761     
 energy balance in canopy X  0.23600570478464905     
 energy balance in canopy X  0.17606503861074940     
 energy balance in canopy X  0.13465096901141063     
 energy balance in canopy X  0.18853877547881792     
 energy balance in canopy X  0.17217095560838355     
 energy balance in canopy X  0.37397038477707795     
 energy balance in canopy X  0.42729374048430935     
 energy balance in canopy X  0.39742243784201725     
 energy balance in canopy X  0.38491628195926031     
 energy balance in canopy X  0.38309417264111001     
 energy balance in canopy X  0.35956674595164018     
 energy balance in canopy X  0.19289295029353842     
 energy balance in canopy X  0.14878244991330342     
 energy balance in canopy X  0.15915046052949477     
 energy balance in canopy X  0.11601291931598517     
 energy balance in canopy X  0.10502199034276075     
 energy balance in canopy X  0.11585611424708694     
 energy balance in canopy X  0.12637761736162775     
 energy balance in canopy X  0.18426555253674132     
 Write CLM Active Restart: istep_pf =            0
 CLM Active Restart Written: clm.rst.                                
 Write CLM Active Restart: istep_pf =            0
 CLM Active Restart Written: clm.rst.                                
 Write CLM Active Restart: istep_pf =            0
 CLM Active Restart Written: clm.rst.                                
 Write CLM Active Restart: istep_pf =            0
 CLM Active Restart Written: clm.rst.                                
 Write CLM Active Restart: istep_pf =            0
 CLM Active Restart Written: clm.rst.                                
 energy balance in canopy X  0.12154785784290445     
 energy balance in canopy X  0.12798189118254366     
 energy balance in canopy X  0.25594452645066901     
 energy balance in canopy X  0.31975624949122822     
 energy balance in canopy X  0.35429189177114673     
 energy balance in canopy X  0.24101732655996827     
 energy balance in canopy X  0.12506292967907773     
 energy balance in canopy X  0.21495538749461907     
 energy balance in canopy X  0.16745826459061627     
 energy balance in canopy X  0.11487489640768936     
 energy balance in canopy X  0.24737247984547456     
 energy balance in canopy X  0.13803204779313355     
 energy balance in canopy X  0.41676381910506821     
 energy balance in canopy X  0.18889689435257978     
 energy balance in canopy X  0.10881345045827415     
 energy balance in canopy X  0.13039399771025817     
 energy balance in canopy X  0.33537971007522127     
 energy balance in canopy X  0.20519632733596416     
 energy balance in canopy X  0.15214969821290125     
 energy balance in canopy X  0.21953615503166318     
 energy balance in canopy X  0.22641320556560285     
 energy balance in canopy X  0.18627630829231245     
 energy balance in canopy X  0.13066167060178432     
 energy balance in canopy X  0.20271993822457507     
 energy balance in canopy X  0.11155943075572036     
 energy balance in canopy X  0.19523491544452898     
 energy balance in canopy X  0.12535462691665863     
 energy balance in canopy X  0.16912746070473325     
 energy balance in canopy X  0.19866755197369901     
 energy balance in canopy X  0.15476165428873961     
 energy balance in canopy X  0.16253859013272068     
 energy balance in canopy X  0.16106824446277992     
 Write CLM Active Restart: istep_pf =            0
 CLM Active Restart Written: clm.rst.                                
 Write CLM Active Restart: istep_pf =            0
 CLM Active Restart Written: clm.rst.                                
 energy balance in canopy X  0.20741945489737573     
 Write CLM Active Restart: istep_pf =            0
 CLM Active Restart Written: clm.rst.                                
 Write CLM Active Restart: istep_pf =            0
 CLM Active Restart Written: clm.rst.                                
 Write CLM Active Restart: istep_pf =            0
 CLM Active Restart Written: clm.rst.                                
 Write CLM Active Restart: istep_pf =            0
 CLM Active Restart Written: clm.rst.                                
 Write CLM Active Restart: istep_pf =            0
 CLM Active Restart Written: clm.rst.                                
 energy balance in canopy X   1.5449727840554228     
 energy balance in canopy X  0.43033090282928077     
 energy balance in canopy X  0.62912878439858888     
 energy balance in canopy X   1.2071902749258991     
 energy balance in canopy X  0.53435361240165213     
 energy balance in canopy X  0.92259127194636381     
 energy balance in canopy X   1.2649145129680428     
 energy balance in canopy X  0.65753990037819876     
 energy balance in canopy X  0.43942381660722973     
 energy balance in canopy X  0.18117522815174270     
 energy balance in canopy X  0.73326808146642763     
 energy balance in canopy X  0.14822451665144953     
 energy balance in canopy X  0.95710160884358775     
 energy balance in canopy X  0.15019057459757823     
 energy balance in canopy X  0.45294571595569366     
 energy balance in canopy X  0.40386586444115913     
 energy balance in canopy X  0.63378391399807699     
 energy balance in canopy X  0.30447703831689826     
 energy balance in canopy X  0.18586129861336076     
 energy balance in canopy X  0.19684751117372407     
 energy balance in canopy X  0.30364120915668857     
 energy balance in canopy X  0.16932450833603116     
 energy balance in canopy X  0.10413237647098408     
 energy balance in canopy X  0.50516432774155262     
 energy balance in canopy X  0.47500521002713281     
 energy balance in canopy X  0.10326186370814963     
 energy balance in canopy X  0.46573285388369001     
 energy balance in canopy X  0.11262258488129742     
 Write CLM Active Restart: istep_pf =            0
 CLM Active Restart Written: clm.rst.                                
 energy balance in canopy X  0.14370819489743383     
 energy balance in canopy X  0.18830184611934725     
 energy balance in canopy X  0.58813614965383576     
 energy balance in canopy X  0.70489934140778343     
 energy balance in canopy X  0.68527600223832486     
 energy balance in canopy X  0.72934708819800176     
 energy balance in canopy X  0.70511822624266784     
 energy balance in canopy X  0.53411626925930167     
 energy balance in canopy X  0.66764782494051267     
 Write CLM Active Restart: istep_pf =            0
 CLM Active Restart Written: clm.rst.                                
 energy balance in canopy X  0.11902898140240262     
 Write CLM Active Restart: istep_pf =            0
 CLM Active Restart Written: clm.rst.                                
 Write CLM Active Restart: istep_pf =            0
 CLM Active Restart Written: clm.rst.                                
 Write CLM Active Restart: istep_pf =            0
 CLM Active Restart Written: clm.rst.                                
 Write CLM Active Restart: istep_pf =            0
 CLM Active Restart Written: clm.rst.                                
 Write CLM Active Restart: istep_pf =            0
 CLM Active Restart Written: clm.rst.                                
 Write CLM Active Restart: istep_pf =            0
 CLM Active Restart Written: clm.rst.                                
 energy balance in canopy X   1.5893525156213548     
 Write CLM Active Restart: istep_pf =            0
 CLM Active Restart Written: clm.rst.                                
 energy balance in canopy X  0.10770682966882977     
 energy balance in canopy X  0.16540291548236730     
 Write CLM Active Restart: istep_pf =            0
 CLM Active Restart Written: clm.rst.                                
 energy balance in canopy X -0.10353896490831058     
 Write CLM Active Restart: istep_pf =            0
 CLM Active Restart Written: clm.rst.                                
 Write CLM Active Restart: istep_pf =            0
 CLM Active Restart Written: clm.rst.                                
 energy balance in canopy X  0.14765094975735402     
 Write CLM Active Restart: istep_pf =            0
 CLM Active Restart Written: clm.rst.                                
 energy balance in canopy X   1.2708757160236370     
 Write CLM Active Restart: istep_pf =            0
 CLM Active Restart Written: clm.rst.                                
 energy balance in canopy X  0.26462056861828676     
 energy balance in canopy X  0.46138901375269326     
 energy balance in canopy X  0.41371904055647568     
 energy balance in canopy X  0.63391223812663655     
 energy balance in canopy X  0.45259654761093493     
 energy balance in canopy X  0.27649026965804124     
 energy balance in canopy X  0.33888211739536006     
 energy balance in canopy X  0.31274973014114721     
 energy balance in canopy X  0.24491642936812535     
 energy balance in canopy X  0.18723229076528136     
 energy balance in canopy X  0.25158973600898804     
 energy balance in canopy X  0.32065924172207083     
 energy balance in canopy X  0.32546566087464290     
 energy balance in canopy X  0.32908713899505626     
 energy balance in canopy X  0.13916651078425504     
 energy balance in canopy X  0.35442425624670765     
 energy balance in canopy X  0.31253585289721575     
 energy balance in canopy X  0.21438869159664375     
 energy balance in canopy X  0.15992143572791676     
 energy balance in canopy X  0.24211871194697615     
 energy balance in canopy X  0.25070140634721272     
 energy balance in canopy X  0.16593994397181175     
 energy balance in canopy X  0.35793706759035021     
 energy balance in canopy X  0.19562322394438361     
 energy balance in canopy X  0.13474755614956699     
 energy balance in canopy X  0.15964889515112948     
 energy balance in canopy X  0.31210822554096856     
 energy balance in canopy X  0.29402812829725838     
 energy balance in canopy X  0.32894557948560937     
 energy balance in canopy X  0.30638016845478172     
 energy balance in canopy X  0.33644409282189791     
 energy balance in canopy X  0.28055968633081663     
 energy balance in canopy X  0.14178239972013706     
 energy balance in canopy X  0.46274133371056481     
 energy balance in canopy X  0.13161139000296243     
 energy balance in canopy X  0.26277788221823445     
 energy balance in canopy X  0.18520438278269444     
 energy balance in canopy X  0.12255523537929081     
 energy balance in canopy X  0.22155531898976533     
 energy balance in canopy X  0.21897737529961181     
 energy balance in canopy X  0.18277076756275420     
 energy balance in canopy X  0.29062476640729729     
 energy balance in canopy X  0.29324839325806007     
 energy balance in canopy X  0.30400053146567219     
 energy balance in canopy X  0.24323913527114660     
 energy balance in canopy X  0.22641855281373763     
 energy balance in canopy X  0.31328689742350557     
 energy balance in canopy X  0.36813884982838996     
 energy balance in canopy X  0.40727702488497558     
 energy balance in canopy X  0.14980861651578847     
 energy balance in canopy X  0.41766367206950022     
 energy balance in canopy X  0.26783811262238921     
 energy balance in canopy X  0.38433728270319828     
 energy balance in canopy X  0.42096636155923656     
 energy balance in canopy X  0.23811967422958014     
 energy balance in canopy X  0.17666367301577715     
 energy balance in canopy X  0.24315266277536762     
 energy balance in canopy X  0.25160122042276772     
 energy balance in canopy X  0.17512464731091415     
 energy balance in canopy X  0.12309448972323564     
 energy balance in canopy X  0.11957263059573056     
 energy balance in canopy X  0.22053757630302018     
 energy balance in canopy X  0.21364225246048135     
 energy balance in canopy X  0.17757172462549384     
 energy balance in canopy X  0.28656749206965387     
 energy balance in canopy X  0.23538708467179981     
 energy balance in canopy X  0.17892604132430961     
 energy balance in canopy X  0.12941731489821345     
 energy balance in canopy X  0.29167836541044473     
 energy balance in canopy X  0.29119916434826859     
 energy balance in canopy X  0.24733444529498377     
 energy balance in canopy X  0.27496514796737764     
 energy balance in canopy X  0.17040197802808038     
 energy balance in canopy X  0.27656259798343147     
 energy balance in canopy X  0.15001350062635843     
 energy balance in canopy X  0.21341894450549476     
 energy balance in canopy X  0.18604919451785346     
 energy balance in canopy X  0.10088423758932985     
 energy balance in canopy X  0.20886681873323121     
 energy balance in canopy X  0.18880607105522251     
 energy balance in canopy X  0.32119049095826296     
 energy balance in canopy X  0.25805348044290688     
 energy balance in canopy X  0.22379480917851025     
 energy balance in canopy X  0.16647961999931571     
 energy balance in canopy X  0.35675793225264379     
 energy balance in canopy X  0.12443122166816240     
 energy balance in canopy X  0.11344345231433681     
 energy balance in canopy X  0.20237663068945444     
 energy balance in canopy X  0.18898615067173402     
 energy balance in canopy X  0.10837522997645180     
 energy balance in canopy X  0.22884599248248316     
 energy balance in canopy X  0.25680220982072960     
 energy balance in canopy X  0.15011551582968960     
 energy balance in canopy X  0.21526392203504080     
 energy balance in canopy X  0.15870011612385201     
 energy balance in canopy X  0.32476611975068514     
 energy balance in canopy X  0.14430282547376339     
 energy balance in canopy X  0.14229667344592808     
 energy balance in canopy X  0.28465711164963087     
 energy balance in canopy X  0.22342805989412634     
 energy balance in canopy X  0.12688093526861238     
 energy balance in canopy X  0.18469464294279309     
 energy balance in canopy X  0.13513948164554929     
 energy balance in canopy X  0.20267070504401863     
 energy balance in canopy X  0.15772909511664501     
 energy balance in canopy X  0.33828698977110672     
 energy balance in canopy X  0.32532034309102520     
 energy balance in canopy X  0.34804050354616711     
 energy balance in canopy X  0.34385866086815592     
 energy balance in canopy X  0.37535751306339948     
 energy balance in canopy X  0.38162771517057903     
 energy balance in canopy X  0.23816128243180151     
 energy balance in canopy X  0.28611453271665077     
 energy balance in canopy X  0.26503199440978076     
 energy balance in canopy X  0.24166743999113655     
 energy balance in canopy X  0.34176635330554805     
 energy balance in canopy X  0.19668042310560674     
 energy balance in canopy X  0.22123407021498009     
 energy balance in canopy X  0.51758474899549567     
 energy balance in canopy X  0.29924502572157669     
 energy balance in canopy X  0.19595794055885585     
 energy balance in canopy X  0.24840734702884049     
 energy balance in canopy X  0.17829857163229754     
 energy balance in canopy X  0.32879249145181799     
 energy balance in canopy X  0.26560906589666866     
 energy balance in canopy X  0.41279903187365730     
 energy balance in canopy X  0.50048658125786283     
 energy balance in canopy X  0.11528383503246900     
 energy balance in canopy X  0.10764482494986632     
 energy balance in canopy X  0.29919285435747389     
 energy balance in canopy X  0.14537826153684602     
 energy balance in canopy X  0.10358657252327313     
 energy balance in canopy X  0.13548068284641715     
 energy balance in canopy X  0.30371908459162361     
 energy balance in canopy X  0.15597196164478730     
 energy balance in canopy X  0.10025038985081505     
 energy balance in canopy X  0.43881968392344961     
 energy balance in canopy X  0.34935904199929890     
 energy balance in canopy X  0.22405516051307028     
 energy balance in canopy X  0.33784870268089745     
 energy balance in canopy X  0.26784717233272415     
 energy balance in canopy X  0.26323064729288431     
 energy balance in canopy X  0.48880763799013149     
 energy balance in canopy X  0.11381223462435788     
 energy balance in canopy X  0.29871773187591216     
 energy balance in canopy X  0.21834385360557168     
 Write CLM Active Restart: istep_pf =            0
 CLM Active Restart Written: clm.rst.                                
 Write CLM Active Restart: istep_pf =            0
 CLM Active Restart Written: clm.rst.                                
 Write CLM Active Restart: istep_pf =            0
 CLM Active Restart Written: clm.rst.                                
 CLM Run Completed
 CLM Run Completed
 CLM Run Completed
 CLM Run Completed
 CLM Run Completed
 CLM Run Completed
 CLM Run Completed
 CLM Run Completed
 CLM Run Completed
 CLM Run Completed
 CLM Run Completed
 CLM Run Completed
 CLM Run Completed
 CLM Run Completed
 CLM Run Completed
 CLM Run Completed
 Write CLM Active Restart: istep_pf =            0
 CLM Active Restart Written: clm.rst.                                
 CLM Run Completed
 CLM Run Completed
 CLM Run Completed
 CLM Run Completed
 CLM Run Completed
 CLM Run Completed
 CLM Run Completed
 CLM Run Completed
 CLM Run Completed
 CLM Run Completed
 CLM Run Completed
 CLM Run Completed
 CLM Run Completed
 CLM Run Completed
 CLM Run Completed
 CLM Run Completed
 Write CLM Active Restart: istep_pf =            0
 CLM Active Restart Written: clm.rst.                                
AMPS Error: Can't open the distribution file /home/at8471/c2_sbi_experiments/sbi_framework/inputs/sinnemahoning/forcing/CW3E.DSWR.000817_to_000840.pfb.dist for reading

--------------------------------------------------------------------------------
# ==============================================================================

